# JRE version: OpenJDK Runtime Environment (8.0_112-b06) (build 1.8.0_112-release-b06)
# Java VM: OpenJDK 64-Bit Server VM (25.112-b06 mixed mode windows-amd64 compressed oops)
Heap:
 PSYoungGen      total 60928K, used 51851K [0x00000000e0000000, 0x00000000e4780000, 0x0000000100000000)
  eden space 50688K, 97% used [0x00000000e0000000,0x00000000e301daa0,0x00000000e3180000)
  from space 10240K, 25% used [0x00000000e3b80000,0x00000000e3e053d0,0x00000000e4580000)
  to   space 10240K, 0% used [0x00000000e3180000,0x00000000e3180000,0x00000000e3b80000)
 ParOldGen       total 56320K, used 13987K [0x00000000a0000000, 0x00000000a3700000, 0x00000000e0000000)
  object space 56320K, 24% used [0x00000000a0000000,0x00000000a0da8f48,0x00000000a3700000)
 Metaspace       used 38263K, capacity 39164K, committed 39424K, reserved 1085440K
  class space    used 5130K, capacity 5361K, committed 5376K, reserved 1048576K
GC Heap History (10 events):
Event: 48.573 GC heap before
{Heap before GC invocations=12 (full 1):
 PSYoungGen      total 44544K, used 43183K [0x00000000e0000000, 0x00000000e3400000, 0x0000000100000000)
  eden space 36864K, 100% used [0x00000000e0000000,0x00000000e2400000,0x00000000e2400000)
  from space 7680K, 82% used [0x00000000e2c80000,0x00000000e32abf98,0x00000000e3400000)
  to   space 8192K, 0% used [0x00000000e2400000,0x00000000e2400000,0x00000000e2c00000)
 ParOldGen       total 40448K, used 9915K [0x00000000a0000000, 0x00000000a2780000, 0x00000000e0000000)
  object space 40448K, 24% used [0x00000000a0000000,0x00000000a09aef68,0x00000000a2780000)
 Metaspace       used 30145K, capacity 30796K, committed 30976K, reserved 1075200K
  class space    used 4116K, capacity 4310K, committed 4352K, reserved 1048576K
Event: 48.584 GC heap after
Heap after GC invocations=12 (full 1):
 PSYoungGen      total 45056K, used 5828K [0x00000000e0000000, 0x00000000e3900000, 0x0000000100000000)
  eden space 36864K, 0% used [0x00000000e0000000,0x00000000e0000000,0x00000000e2400000)
  from space 8192K, 71% used [0x00000000e2400000,0x00000000e29b1030,0x00000000e2c00000)
  to   space 8192K, 0% used [0x00000000e3100000,0x00000000e3100000,0x00000000e3900000)
 ParOldGen       total 40448K, used 9923K [0x00000000a0000000, 0x00000000a2780000, 0x00000000e0000000)
  object space 40448K, 24% used [0x00000000a0000000,0x00000000a09b0f68,0x00000000a2780000)
 Metaspace       used 30145K, capacity 30796K, committed 30976K, reserved 1075200K
  class space    used 4116K, capacity 4310K, committed 4352K, reserved 1048576K
}
Event: 73.393 GC heap before
{Heap before GC invocations=13 (full 1):
 PSYoungGen      total 45056K, used 42692K [0x00000000e0000000, 0x00000000e3900000, 0x0000000100000000)
  eden space 36864K, 100% used [0x00000000e0000000,0x00000000e2400000,0x00000000e2400000)
  from space 8192K, 71% used [0x00000000e2400000,0x00000000e29b1030,0x00000000e2c00000)
  to   space 8192K, 0% used [0x00000000e3100000,0x00000000e3100000,0x00000000e3900000)
 ParOldGen       total 40448K, used 9923K [0x00000000a0000000, 0x00000000a2780000, 0x00000000e0000000)
  object space 40448K, 24% used [0x00000000a0000000,0x00000000a09b0f68,0x00000000a2780000)
 Metaspace       used 34404K, capacity 35204K, committed 35328K, reserved 1079296K
  class space    used 4637K, capacity 4845K, committed 4864K, reserved 1048576K
Event: 73.415 GC heap after
Heap after GC invocations=13 (full 1):
 PSYoungGen      total 48128K, used 8186K [0x00000000e0000000, 0x00000000e3c00000, 0x0000000100000000)
  eden space 39936K, 0% used [0x00000000e0000000,0x00000000e0000000,0x00000000e2700000)
  from space 8192K, 99% used [0x00000000e3100000,0x00000000e38fea00,0x00000000e3900000)
  to   space 10240K, 0% used [0x00000000e2700000,0x00000000e2700000,0x00000000e3100000)
 ParOldGen       total 40448K, used 12112K [0x00000000a0000000, 0x00000000a2780000, 0x00000000e0000000)
  object space 40448K, 29% used [0x00000000a0000000,0x00000000a0bd41c8,0x00000000a2780000)
 Metaspace       used 34404K, capacity 35204K, committed 35328K, reserved 1079296K
  class space    used 4637K, capacity 4845K, committed 4864K, reserved 1048576K
}
Event: 73.769 GC heap before
{Heap before GC invocations=14 (full 1):
 PSYoungGen      total 48128K, used 12085K [0x00000000e0000000, 0x00000000e3c00000, 0x0000000100000000)
  eden space 39936K, 9% used [0x00000000e0000000,0x00000000e03cec48,0x00000000e2700000)
  from space 8192K, 99% used [0x00000000e3100000,0x00000000e38fea00,0x00000000e3900000)
  to   space 10240K, 0% used [0x00000000e2700000,0x00000000e2700000,0x00000000e3100000)
 ParOldGen       total 40448K, used 12112K [0x00000000a0000000, 0x00000000a2780000, 0x00000000e0000000)
  object space 40448K, 29% used [0x00000000a0000000,0x00000000a0bd41c8,0x00000000a2780000)
 Metaspace       used 34573K, capacity 35300K, committed 35456K, reserved 1079296K
  class space    used 4667K, capacity 4877K, committed 4992K, reserved 1048576K
Event: 73.785 GC heap after
Heap after GC invocations=14 (full 1):
 PSYoungGen      total 50176K, used 7296K [0x00000000e0000000, 0x00000000e4580000, 0x0000000100000000)
  eden space 39936K, 0% used [0x00000000e0000000,0x00000000e0000000,0x00000000e2700000)
  from space 10240K, 71% used [0x00000000e2700000,0x00000000e2e20030,0x00000000e3100000)
  to   space 10240K, 0% used [0x00000000e3b80000,0x00000000e3b80000,0x00000000e4580000)
 ParOldGen       total 40448K, used 12120K [0x00000000a0000000, 0x00000000a2780000, 0x00000000e0000000)
  object space 40448K, 29% used [0x00000000a0000000,0x00000000a0bd61c8,0x00000000a2780000)
 Metaspace       used 34573K, capacity 35300K, committed 35456K, reserved 1079296K
  class space    used 4667K, capacity 4877K, committed 4992K, reserved 1048576K
}
Event: 73.785 GC heap before
{Heap before GC invocations=15 (full 2):
 PSYoungGen      total 50176K, used 7296K [0x00000000e0000000, 0x00000000e4580000, 0x0000000100000000)
  eden space 39936K, 0% used [0x00000000e0000000,0x00000000e0000000,0x00000000e2700000)
  from space 10240K, 71% used [0x00000000e2700000,0x00000000e2e20030,0x00000000e3100000)
  to   space 10240K, 0% used [0x00000000e3b80000,0x00000000e3b80000,0x00000000e4580000)
 ParOldGen       total 40448K, used 12120K [0x00000000a0000000, 0x00000000a2780000, 0x00000000e0000000)
  object space 40448K, 29% used [0x00000000a0000000,0x00000000a0bd61c8,0x00000000a2780000)
 Metaspace       used 34573K, capacity 35300K, committed 35456K, reserved 1079296K
  class space    used 4667K, capacity 4877K, committed 4992K, reserved 1048576K
Event: 73.914 GC heap after
Heap after GC invocations=15 (full 2):
 PSYoungGen      total 50176K, used 0K [0x00000000e0000000, 0x00000000e4580000, 0x0000000100000000)
  eden space 39936K, 0% used [0x00000000e0000000,0x00000000e0000000,0x00000000e2700000)
  from space 10240K, 0% used [0x00000000e2700000,0x00000000e2700000,0x00000000e3100000)
  to   space 10240K, 0% used [0x00000000e3b80000,0x00000000e3b80000,0x00000000e4580000)
 ParOldGen       total 56320K, used 13979K [0x00000000a0000000, 0x00000000a3700000, 0x00000000e0000000)
  object space 56320K, 24% used [0x00000000a0000000,0x00000000a0da6f48,0x00000000a3700000)
 Metaspace       used 34573K, capacity 35300K, committed 35456K, reserved 1079296K
  class space    used 4667K, capacity 4877K, committed 4992K, reserved 1048576K
}
Event: 76.239 GC heap before
{Heap before GC invocations=16 (full 2):
 PSYoungGen      total 50176K, used 39936K [0x00000000e0000000, 0x00000000e4580000, 0x0000000100000000)
  eden space 39936K, 100% used [0x00000000e0000000,0x00000000e2700000,0x00000000e2700000)
  from space 10240K, 0% used [0x00000000e2700000,0x00000000e2700000,0x00000000e3100000)
  to   space 10240K, 0% used [0x00000000e3b80000,0x00000000e3b80000,0x00000000e4580000)
 ParOldGen       total 56320K, used 13979K [0x00000000a0000000, 0x00000000a3700000, 0x00000000e0000000)
  object space 56320K, 24% used [0x00000000a0000000,0x00000000a0da6f48,0x00000000a3700000)
 Metaspace       used 36110K, capacity 36872K, committed 37120K, reserved 1081344K
  class space    used 4856K, capacity 5011K, committed 5120K, reserved 1048576K
Event: 76.245 GC heap after
Heap after GC invocations=16 (full 2):
 PSYoungGen      total 60928K, used 2580K [0x00000000e0000000, 0x00000000e4780000, 0x0000000100000000)
  eden space 50688K, 0% used [0x00000000e0000000,0x00000000e0000000,0x00000000e3180000)
  from space 10240K, 25% used [0x00000000e3b80000,0x00000000e3e053d0,0x00000000e4580000)
  to   space 10240K, 0% used [0x00000000e3180000,0x00000000e3180000,0x00000000e3b80000)
 ParOldGen       total 56320K, used 13987K [0x00000000a0000000, 0x00000000a3700000, 0x00000000e0000000)
  object space 56320K, 24% used [0x00000000a0000000,0x00000000a0da8f48,0x00000000a3700000)
 Metaspace       used 36110K, capacity 36872K, committed 37120K, reserved 1081344K
  class space    used 4856K, capacity 5011K, committed 5120K, reserved 1048576K
}

