# JRE version: OpenJDK Runtime Environment (8.0_112-b06) (build 1.8.0_112-release-b06)
# Java VM: OpenJDK 64-Bit Server VM (25.112-b06 mixed mode windows-amd64 compressed oops)
Heap:
 PSYoungGen      total 21504K, used 4733K [0x00000000e0000000, 0x00000000e1b80000, 0x0000000100000000)
  eden space 15872K, 5% used [0x00000000e0000000,0x00000000e00e90d0,0x00000000e0f80000)
  from space 5632K, 67% used [0x00000000e1600000,0x00000000e19b6348,0x00000000e1b80000)
  to   space 6144K, 0% used [0x00000000e0f80000,0x00000000e0f80000,0x00000000e1580000)
 ParOldGen       total 27136K, used 9483K [0x00000000a0000000, 0x00000000a1a80000, 0x00000000e0000000)
  object space 27136K, 34% used [0x00000000a0000000,0x00000000a0942fd8,0x00000000a1a80000)
 Metaspace       used 26533K, capacity 26998K, committed 27136K, reserved 1073152K
  class space    used 3663K, capacity 3812K, committed 3840K, reserved 1048576K
GC Heap History (10 events):
Event: 39.650 GC heap before
{Heap before GC invocations=9 (full 1):
 PSYoungGen      total 22528K, used 4347K [0x00000000e0000000, 0x00000000e1c80000, 0x0000000100000000)
  eden space 15872K, 0% used [0x00000000e0000000,0x00000000e0000000,0x00000000e0f80000)
  from space 6656K, 65% used [0x00000000e1600000,0x00000000e1a3efd0,0x00000000e1c80000)
  to   space 6656K, 0% used [0x00000000e0f80000,0x00000000e0f80000,0x00000000e1600000)
 ParOldGen       total 44032K, used 8478K [0x00000000a0000000, 0x00000000a2b00000, 0x00000000e0000000)
  object space 44032K, 19% used [0x00000000a0000000,0x00000000a0847a58,0x00000000a2b00000)
 Metaspace       used 20839K, capacity 21222K, committed 21296K, reserved 1067008K
  class space    used 2803K, capacity 2944K, committed 2944K, reserved 1048576K
Event: 39.745 GC heap after
Heap after GC invocations=9 (full 1):
 PSYoungGen      total 22528K, used 0K [0x00000000e0000000, 0x00000000e1c80000, 0x0000000100000000)
  eden space 15872K, 0% used [0x00000000e0000000,0x00000000e0000000,0x00000000e0f80000)
  from space 6656K, 0% used [0x00000000e1600000,0x00000000e1600000,0x00000000e1c80000)
  to   space 6656K, 0% used [0x00000000e0f80000,0x00000000e0f80000,0x00000000e1600000)
 ParOldGen       total 27136K, used 8143K [0x00000000a0000000, 0x00000000a1a80000, 0x00000000e0000000)
  object space 27136K, 30% used [0x00000000a0000000,0x00000000a07f3f78,0x00000000a1a80000)
 Metaspace       used 20839K, capacity 21222K, committed 21296K, reserved 1067008K
  class space    used 2803K, capacity 2944K, committed 2944K, reserved 1048576K
}
Event: 42.076 GC heap before
{Heap before GC invocations=10 (full 1):
 PSYoungGen      total 22528K, used 15872K [0x00000000e0000000, 0x00000000e1c80000, 0x0000000100000000)
  eden space 15872K, 100% used [0x00000000e0000000,0x00000000e0f80000,0x00000000e0f80000)
  from space 6656K, 0% used [0x00000000e1600000,0x00000000e1600000,0x00000000e1c80000)
  to   space 6656K, 0% used [0x00000000e0f80000,0x00000000e0f80000,0x00000000e1600000)
 ParOldGen       total 27136K, used 8143K [0x00000000a0000000, 0x00000000a1a80000, 0x00000000e0000000)
  object space 27136K, 30% used [0x00000000a0000000,0x00000000a07f3f78,0x00000000a1a80000)
 Metaspace       used 22495K, capacity 22946K, committed 23168K, reserved 1069056K
  class space    used 2967K, capacity 3112K, committed 3200K, reserved 1048576K
Event: 42.080 GC heap after
Heap after GC invocations=10 (full 1):
 PSYoungGen      total 22528K, used 2026K [0x00000000e0000000, 0x00000000e1c80000, 0x0000000100000000)
  eden space 15872K, 0% used [0x00000000e0000000,0x00000000e0000000,0x00000000e0f80000)
  from space 6656K, 30% used [0x00000000e0f80000,0x00000000e117ab60,0x00000000e1600000)
  to   space 6656K, 0% used [0x00000000e1600000,0x00000000e1600000,0x00000000e1c80000)
 ParOldGen       total 27136K, used 8151K [0x00000000a0000000, 0x00000000a1a80000, 0x00000000e0000000)
  object space 27136K, 30% used [0x00000000a0000000,0x00000000a07f5f78,0x00000000a1a80000)
 Metaspace       used 22495K, capacity 22946K, committed 23168K, reserved 1069056K
  class space    used 2967K, capacity 3112K, committed 3200K, reserved 1048576K
}
Event: 43.651 GC heap before
{Heap before GC invocations=11 (full 1):
 PSYoungGen      total 22528K, used 17898K [0x00000000e0000000, 0x00000000e1c80000, 0x0000000100000000)
  eden space 15872K, 100% used [0x00000000e0000000,0x00000000e0f80000,0x00000000e0f80000)
  from space 6656K, 30% used [0x00000000e0f80000,0x00000000e117ab60,0x00000000e1600000)
  to   space 6656K, 0% used [0x00000000e1600000,0x00000000e1600000,0x00000000e1c80000)
 ParOldGen       total 27136K, used 8151K [0x00000000a0000000, 0x00000000a1a80000, 0x00000000e0000000)
  object space 27136K, 30% used [0x00000000a0000000,0x00000000a07f5f78,0x00000000a1a80000)
 Metaspace       used 23682K, capacity 24072K, committed 24192K, reserved 1071104K
  class space    used 3178K, capacity 3337K, committed 3456K, reserved 1048576K
Event: 43.654 GC heap after
Heap after GC invocations=11 (full 1):
 PSYoungGen      total 22528K, used 2450K [0x00000000e0000000, 0x00000000e1c80000, 0x0000000100000000)
  eden space 15872K, 0% used [0x00000000e0000000,0x00000000e0000000,0x00000000e0f80000)
  from space 6656K, 36% used [0x00000000e1600000,0x00000000e1864a10,0x00000000e1c80000)
  to   space 6656K, 0% used [0x00000000e0f80000,0x00000000e0f80000,0x00000000e1600000)
 ParOldGen       total 27136K, used 8159K [0x00000000a0000000, 0x00000000a1a80000, 0x00000000e0000000)
  object space 27136K, 30% used [0x00000000a0000000,0x00000000a07f7f78,0x00000000a1a80000)
 Metaspace       used 23682K, capacity 24072K, committed 24192K, reserved 1071104K
  class space    used 3178K, capacity 3337K, committed 3456K, reserved 1048576K
}
Event: 47.362 GC heap before
{Heap before GC invocations=12 (full 1):
 PSYoungGen      total 22528K, used 18322K [0x00000000e0000000, 0x00000000e1c80000, 0x0000000100000000)
  eden space 15872K, 100% used [0x00000000e0000000,0x00000000e0f80000,0x00000000e0f80000)
  from space 6656K, 36% used [0x00000000e1600000,0x00000000e1864a10,0x00000000e1c80000)
  to   space 6656K, 0% used [0x00000000e0f80000,0x00000000e0f80000,0x00000000e1600000)
 ParOldGen       total 27136K, used 8159K [0x00000000a0000000, 0x00000000a1a80000, 0x00000000e0000000)
  object space 27136K, 30% used [0x00000000a0000000,0x00000000a07f7f78,0x00000000a1a80000)
 Metaspace       used 24810K, capacity 25340K, committed 25600K, reserved 1071104K
  class space    used 3374K, capacity 3519K, committed 3584K, reserved 1048576K
Event: 47.366 GC heap after
Heap after GC invocations=12 (full 1):
 PSYoungGen      total 22528K, used 2502K [0x00000000e0000000, 0x00000000e1c80000, 0x0000000100000000)
  eden space 15872K, 0% used [0x00000000e0000000,0x00000000e0000000,0x00000000e0f80000)
  from space 6656K, 37% used [0x00000000e0f80000,0x00000000e11f1828,0x00000000e1600000)
  to   space 6656K, 0% used [0x00000000e1600000,0x00000000e1600000,0x00000000e1c80000)
 ParOldGen       total 27136K, used 9059K [0x00000000a0000000, 0x00000000a1a80000, 0x00000000e0000000)
  object space 27136K, 33% used [0x00000000a0000000,0x00000000a08d8fd8,0x00000000a1a80000)
 Metaspace       used 24810K, capacity 25340K, committed 25600K, reserved 1071104K
  class space    used 3374K, capacity 3519K, committed 3584K, reserved 1048576K
}
Event: 49.038 GC heap before
{Heap before GC invocations=13 (full 1):
 PSYoungGen      total 22528K, used 18374K [0x00000000e0000000, 0x00000000e1c80000, 0x0000000100000000)
  eden space 15872K, 100% used [0x00000000e0000000,0x00000000e0f80000,0x00000000e0f80000)
  from space 6656K, 37% used [0x00000000e0f80000,0x00000000e11f1828,0x00000000e1600000)
  to   space 6656K, 0% used [0x00000000e1600000,0x00000000e1600000,0x00000000e1c80000)
 ParOldGen       total 27136K, used 9059K [0x00000000a0000000, 0x00000000a1a80000, 0x00000000e0000000)
  object space 27136K, 33% used [0x00000000a0000000,0x00000000a08d8fd8,0x00000000a1a80000)
 Metaspace       used 26492K, capacity 26950K, committed 27136K, reserved 1073152K
  class space    used 3657K, capacity 3776K, committed 3840K, reserved 1048576K
Event: 49.048 GC heap after
Heap after GC invocations=13 (full 1):
 PSYoungGen      total 21504K, used 3800K [0x00000000e0000000, 0x00000000e1b80000, 0x0000000100000000)
  eden space 15872K, 0% used [0x00000000e0000000,0x00000000e0000000,0x00000000e0f80000)
  from space 5632K, 67% used [0x00000000e1600000,0x00000000e19b6348,0x00000000e1b80000)
  to   space 6144K, 0% used [0x00000000e0f80000,0x00000000e0f80000,0x00000000e1580000)
 ParOldGen       total 27136K, used 9483K [0x00000000a0000000, 0x00000000a1a80000, 0x00000000e0000000)
  object space 27136K, 34% used [0x00000000a0000000,0x00000000a0942fd8,0x00000000a1a80000)
 Metaspace       used 26492K, capacity 26950K, committed 27136K, reserved 1073152K
  class space    used 3657K, capacity 3776K, committed 3840K, reserved 1048576K
}

